<?xml version="1.0" encoding="UTF-8"?>
<!-- Generated by org.testng.reporters.JUnitReportReporter -->
<testsuite hostname="USE2DEVP01047" failures="0" tests="2" name="RahulSheetyAcademy.MavenProjectUdemy.errroValidationTest" time="43.417" errors="0" timestamp="2024-02-27T16:39:20 IST" skipped="0">
  <testcase classname="RahulSheetyAcademy.MavenProjectUdemy.errroValidationTest" name="loginErrorValidation" time="18.608"/>
  <testcase classname="RahulSheetyAcademy.MavenProjectUdemy.errroValidationTest" name="productErrorValidation" time="24.809"/>
</testsuite> <!-- RahulSheetyAcademy.MavenProjectUdemy.errroValidationTest -->
