<?xml version="1.0" encoding="UTF-8"?>
<!-- Generated by org.testng.reporters.JUnitReportReporter -->
<testsuite hostname="USE2DEVP01047" failures="0" tests="1" name="RahulSheetyAcademy.MavenProjectUdemy.errroValidation" time="25.641" errors="0" timestamp="2024-02-06T14:01:51 IST" skipped="0">
  <testcase classname="RahulSheetyAcademy.MavenProjectUdemy.errroValidation" name="productErrorValidation" time="25.641"/>
</testsuite> <!-- RahulSheetyAcademy.MavenProjectUdemy.errroValidation -->
