<?xml version="1.0" encoding="UTF-8"?>
<!-- Generated by org.testng.reporters.JUnitReportReporter -->
<testsuite hostname="USE2DEVP01047" failures="0" tests="1" name="RahulSheetyAcademy.MavenProjectUdemy.StandAloneTest2" time="29.065" errors="0" timestamp="2024-02-05T15:57:35 IST" skipped="0">
  <testcase classname="RahulSheetyAcademy.MavenProjectUdemy.StandAloneTest2" name="submitOrder" time="29.065"/>
</testsuite> <!-- RahulSheetyAcademy.MavenProjectUdemy.StandAloneTest2 -->
